<?xml version="1.0" encoding="UTF-8"?>
<!-- Generated by org.testng.reporters.JUnitXMLReporter -->
<testsuite hostname="Gustavo-Ortiz.local" name="Block 1" tests="3" failures="0" timestamp="2 Nov 2016 21:33:56 GMT" time="82.086" errors="0">
  <testcase name="create_site" time="29.999" classname="TestCases.CreateSiteTest"/>
  <testcase name="Add_New_Content_test" time="33.996" classname="TestCases.AddNewContentTest"/>
  <testcase name="delete_site" time="12.391" classname="TestCases.DeleteSiteTest"/>
</testsuite> <!-- Block 1 -->
