<?xml version="1.0" encoding="UTF-8"?>
<!-- Generated by org.testng.reporters.JUnitXMLReporter -->
<testsuite hostname="Gustavo-Ortiz.local" name="Block 2" tests="3" failures="0" timestamp="2 Nov 2016 21:35:04 GMT" time="68.409" errors="0">
  <testcase name="create_site" time="29.876" classname="TestCases.CreateSiteTest"/>
  <testcase name="Add_New_Folder_test" time="21.02" classname="TestCases.AddNewFolderTest"/>
  <testcase name="delete_site" time="12.374" classname="TestCases.DeleteSiteTest"/>
</testsuite> <!-- Block 2 -->
