<?xml version="1.0" encoding="UTF-8"?>
<!-- Generated by org.testng.reporters.JUnitXMLReporter -->
<testsuite hostname="Gustavo-Ortiz.local" name="Full Regression" tests="3" failures="1" timestamp="2 Nov 2016 17:51:36 GMT" time="52.649" errors="0">
  <testcase name="@AfterTest afterTest" time="0.0" classname="TestCases.AddNewContentTest">
    <failure type="java.lang.NullPointerException">
      <![CDATA[java.lang.NullPointerException
	at TestCases.AddNewContentTest.afterTest(AddNewContentTest.java:76)
... Removed 22 stack frames]]>
    </failure>
  </testcase> <!-- @AfterTest afterTest -->
  <testcase name="@AfterTest afterTest" time="0.0" classname="TestCases.AddNewContentTest">
    <skipped/>
  </testcase> <!-- @AfterTest afterTest -->
  <testcase name="@AfterTest afterTest" time="0.0" classname="TestCases.AddNewContentTest">
    <skipped/>
  </testcase> <!-- @AfterTest afterTest -->
  <testcase name="create_site" time="29.979" classname="TestCases.CreateSiteTest"/>
  <testcase name="Add_New_Content_test" time="0.001" classname="TestCases.AddNewContentTest">
    <failure type="java.lang.NullPointerException">
      <![CDATA[java.lang.NullPointerException
	at TestCases.AddNewContentTest.Add_New_Content_test(AddNewContentTest.java:85)
... Removed 24 stack frames]]>
    </failure>
  </testcase> <!-- Add_New_Content_test -->
  <testcase name="delete_site" time="12.376" classname="TestCases.DeleteSiteTest"/>
</testsuite> <!-- Full Regression -->
