<?xml version="1.0" encoding="UTF-8"?>
<testng-results skipped="0" failed="0" total="1" passed="1">
  <reporter-output>
  </reporter-output>
  <suite name="Default suite" duration-ms="21908" started-at="2016-06-28T17:04:14Z" finished-at="2016-06-28T17:04:36Z">
    <groups>
    </groups>
    <test name="Default test" duration-ms="21908" started-at="2016-06-28T17:04:14Z" finished-at="2016-06-28T17:04:36Z">
      <class name="TestCases.EditContentForm">
        <test-method status="PASS" signature="beforeTest()[pri:0, instance:TestCases.EditContentForm@5c7fa833]" name="beforeTest" is-config="true" duration-ms="2285" started-at="2016-06-28T11:04:14Z" finished-at="2016-06-28T11:04:16Z">
          <reporter-output>
          </reporter-output>
        </test-method> <!-- beforeTest -->
        <test-method status="PASS" signature="edit_Content_1()[pri:0, instance:TestCases.EditContentForm@5c7fa833]" name="edit_Content_1" duration-ms="19246" started-at="2016-06-28T11:04:16Z" finished-at="2016-06-28T11:04:35Z">
          <reporter-output>
          </reporter-output>
        </test-method> <!-- edit_Content_1 -->
        <test-method status="PASS" signature="afterTest()[pri:0, instance:TestCases.EditContentForm@5c7fa833]" name="afterTest" is-config="true" duration-ms="364" started-at="2016-06-28T11:04:35Z" finished-at="2016-06-28T11:04:36Z">
          <reporter-output>
          </reporter-output>
        </test-method> <!-- afterTest -->
      </class> <!-- TestCases.EditContentForm -->
    </test> <!-- Default test -->
  </suite> <!-- Default suite -->
</testng-results>
