<?xml version="1.0" encoding="UTF-8"?>
<testng-results skipped="0" failed="0" total="1" passed="1">
  <reporter-output>
  </reporter-output>
  <suite name="Default suite" duration-ms="25699" started-at="2016-08-03T20:39:59Z" finished-at="2016-08-03T20:40:25Z">
    <groups>
    </groups>
    <test name="Default test" duration-ms="25699" started-at="2016-08-03T20:39:59Z" finished-at="2016-08-03T20:40:25Z">
      <class name="TestCases.CutPasteContentTest">
        <test-method status="PASS" signature="beforeTest()[pri:0, instance:TestCases.CutPasteContentTest@5c7fa833]" name="beforeTest" is-config="true" duration-ms="4242" started-at="2016-08-03T14:39:59Z" finished-at="2016-08-03T14:40:04Z">
          <reporter-output>
          </reporter-output>
        </test-method> <!-- beforeTest -->
        <test-method status="PASS" signature="Cut_Paste_Content_test()[pri:0, instance:TestCases.CutPasteContentTest@5c7fa833]" name="Cut_Paste_Content_test" duration-ms="21055" started-at="2016-08-03T14:40:04Z" finished-at="2016-08-03T14:40:25Z">
          <reporter-output>
          </reporter-output>
        </test-method> <!-- Cut_Paste_Content_test -->
        <test-method status="PASS" signature="afterTest()[pri:0, instance:TestCases.CutPasteContentTest@5c7fa833]" name="afterTest" is-config="true" duration-ms="390" started-at="2016-08-03T14:40:25Z" finished-at="2016-08-03T14:40:25Z">
          <reporter-output>
          </reporter-output>
        </test-method> <!-- afterTest -->
      </class> <!-- TestCases.CutPasteContentTest -->
    </test> <!-- Default test -->
  </suite> <!-- Default suite -->
</testng-results>
